<?xml version="1.0" encoding="UTF-8"?>
<!-- Generated by org.testng.reporters.JUnitXMLReporter -->
<testsuite hostname="innovationteam-ThinkPad-T440p" name="Command line test" tests="7" failures="2" timestamp="9 Sep 2015 12:36:56 GMT" time="62.19" errors="0">
  <testcase name="testLogin" time="14.36" classname="nexsales.ConsumerTest"/>
  <testcase name="testLogin" time="12.618" classname="nexsales.ProducerTest">
    <failure type="java.lang.AssertionError" message="expected [Network: offline] but found [Network: online]">
      <![CDATA[java.lang.AssertionError: expected [Network: offline] but found [Network: online]
	at nexsales.ProducerTest.testLogin(ProducerTest.java:32)
	at org.apache.maven.surefire.testng.TestNGExecutor.run(TestNGExecutor.java:76)
	at org.apache.maven.surefire.testng.TestNGDirectoryTestSuite.executeMulti(TestNGDirectoryTestSuite.java:161)
	at org.apache.maven.surefire.testng.TestNGDirectoryTestSuite.execute(TestNGDirectoryTestSuite.java:101)
	at org.apache.maven.surefire.testng.TestNGProvider.invoke(TestNGProvider.java:115)
	at org.apache.maven.surefire.util.ReflectionUtils.invokeMethodWithArray(ReflectionUtils.java:189)
	at org.apache.maven.surefire.booter.ProviderFactory$ProviderProxy.invoke(ProviderFactory.java:165)
	at org.apache.maven.surefire.booter.ProviderFactory.invokeProvider(ProviderFactory.java:85)
	at org.apache.maven.surefire.booter.ForkedBooter.runSuitesInProcess(ForkedBooter.java:103)
	at org.apache.maven.surefire.booter.ForkedBooter.main(ForkedBooter.java:74)
... Removed 30 stack frames]]>
    </failure>
  </testcase> <!-- testLogin -->
  <testcase name="testLogin" time="13.781" classname="nexsales.SupervisorTest"/>
  <testcase name="testIsOnline" time="0.083" classname="nexsales.ConsumerTest"/>
  <testcase name="testIsOnline" time="0.092" classname="nexsales.SupervisorTest">
    <failure type="java.lang.AssertionError" message="expected [Network: offline] but found [Network: online]">
      <![CDATA[java.lang.AssertionError: expected [Network: offline] but found [Network: online]
	at nexsales.SupervisorTest.testIsOnline(SupervisorTest.java:39)
	at org.apache.maven.surefire.testng.TestNGExecutor.run(TestNGExecutor.java:76)
	at org.apache.maven.surefire.testng.TestNGDirectoryTestSuite.executeMulti(TestNGDirectoryTestSuite.java:161)
	at org.apache.maven.surefire.testng.TestNGDirectoryTestSuite.execute(TestNGDirectoryTestSuite.java:101)
	at org.apache.maven.surefire.testng.TestNGProvider.invoke(TestNGProvider.java:115)
	at org.apache.maven.surefire.util.ReflectionUtils.invokeMethodWithArray(ReflectionUtils.java:189)
	at org.apache.maven.surefire.booter.ProviderFactory$ProviderProxy.invoke(ProviderFactory.java:165)
	at org.apache.maven.surefire.booter.ProviderFactory.invokeProvider(ProviderFactory.java:85)
	at org.apache.maven.surefire.booter.ForkedBooter.runSuitesInProcess(ForkedBooter.java:103)
	at org.apache.maven.surefire.booter.ForkedBooter.main(ForkedBooter.java:74)
... Removed 30 stack frames]]>
    </failure>
  </testcase> <!-- testIsOnline -->
  <testcase name="testMenuPresent" time="0.089" classname="nexsales.ConsumerTest"/>
  <testcase name="testMenuPresent" time="0.108" classname="nexsales.SupervisorTest"/>
</testsuite> <!-- Command line test -->
